

Started GET "/previews" for 127.0.0.1 at 2013-11-24 13:03:31 +0200
Connecting to database specified by database.yml
Processing by PreviewsController#show as HTML
Completed 500 Internal Server Error in 1ms

NameError (uninitialized constant PreviewsController::ImageProcessing):
  app/controllers/previews_controller.rb:6:in `show'


  Rendered /home/ishay/.rvm/gems/ruby-1.9.3-p392/gems/actionpack-3.2.12/lib/action_dispatch/middleware/templates/rescues/_trace.erb (0.8ms)
  Rendered /home/ishay/.rvm/gems/ruby-1.9.3-p392/gems/actionpack-3.2.12/lib/action_dispatch/middleware/templates/rescues/_request_and_response.erb (0.7ms)
  Rendered /home/ishay/.rvm/gems/ruby-1.9.3-p392/gems/actionpack-3.2.12/lib/action_dispatch/middleware/templates/rescues/diagnostics.erb within rescues/layout (8.1ms)


Started GET "/previews" for 127.0.0.1 at 2013-11-24 13:04:31 +0200
Connecting to database specified by database.yml
Processing by PreviewsController#show as HTML
Completed 500 Internal Server Error in 1ms

NameError (uninitialized constant PreviewsController::ImageProcessing):
  app/controllers/previews_controller.rb:6:in `show'


  Rendered /home/ishay/.rvm/gems/ruby-1.9.3-p392/gems/actionpack-3.2.12/lib/action_dispatch/middleware/templates/rescues/_trace.erb (0.8ms)
  Rendered /home/ishay/.rvm/gems/ruby-1.9.3-p392/gems/actionpack-3.2.12/lib/action_dispatch/middleware/templates/rescues/_request_and_response.erb (1.2ms)
  Rendered /home/ishay/.rvm/gems/ruby-1.9.3-p392/gems/actionpack-3.2.12/lib/action_dispatch/middleware/templates/rescues/diagnostics.erb within rescues/layout (7.5ms)


Started GET "/previews" for 127.0.0.1 at 2013-11-24 13:05:46 +0200
Connecting to database specified by database.yml
Processing by PreviewsController#show as HTML
Completed 500 Internal Server Error in 4ms

NoMethodError (undefined method `read' for ImageProcessing::Renderers::Html:Class):
  app/controllers/previews_controller.rb:9:in `show'


  Rendered /home/ishay/.rvm/gems/ruby-1.9.3-p392/gems/actionpack-3.2.12/lib/action_dispatch/middleware/templates/rescues/_trace.erb (0.9ms)
  Rendered /home/ishay/.rvm/gems/ruby-1.9.3-p392/gems/actionpack-3.2.12/lib/action_dispatch/middleware/templates/rescues/_request_and_response.erb (0.6ms)
  Rendered /home/ishay/.rvm/gems/ruby-1.9.3-p392/gems/actionpack-3.2.12/lib/action_dispatch/middleware/templates/rescues/diagnostics.erb within rescues/layout (7.7ms)


Started GET "/previews" for 127.0.0.1 at 2013-11-24 13:06:16 +0200

SyntaxError (/home/ishay/code/previewer/app/controllers/previews_controller.rb:7: syntax error, unexpected tIVAR, expecting keyword_end):
  activesupport (3.2.12) lib/active_support/dependencies.rb:469:in `load'
  activesupport (3.2.12) lib/active_support/dependencies.rb:469:in `block in load_file'
  activesupport (3.2.12) lib/active_support/dependencies.rb:639:in `new_constants_in'
  activesupport (3.2.12) lib/active_support/dependencies.rb:468:in `load_file'
  activesupport (3.2.12) lib/active_support/dependencies.rb:353:in `require_or_load'
  activesupport (3.2.12) lib/active_support/dependencies.rb:502:in `load_missing_constant'
  activesupport (3.2.12) lib/active_support/dependencies.rb:192:in `block in const_missing'
  activesupport (3.2.12) lib/active_support/dependencies.rb:190:in `each'
  activesupport (3.2.12) lib/active_support/dependencies.rb:190:in `const_missing'
  activesupport (3.2.12) lib/active_support/inflector/methods.rb:230:in `block in constantize'
  activesupport (3.2.12) lib/active_support/inflector/methods.rb:229:in `each'
  activesupport (3.2.12) lib/active_support/inflector/methods.rb:229:in `constantize'
  activesupport (3.2.12) lib/active_support/dependencies.rb:554:in `get'
  actionpack (3.2.12) lib/action_dispatch/routing/route_set.rb:69:in `controller_reference'
  actionpack (3.2.12) lib/action_dispatch/routing/route_set.rb:54:in `controller'
  actionpack (3.2.12) lib/action_dispatch/routing/route_set.rb:32:in `call'
  journey (1.0.4) lib/journey/router.rb:68:in `block in call'
  journey (1.0.4) lib/journey/router.rb:56:in `each'
  journey (1.0.4) lib/journey/router.rb:56:in `call'
  actionpack (3.2.12) lib/action_dispatch/routing/route_set.rb:601:in `call'
  actionpack (3.2.12) lib/action_dispatch/middleware/best_standards_support.rb:17:in `call'
  rack (1.4.5) lib/rack/etag.rb:23:in `call'
  rack (1.4.5) lib/rack/conditionalget.rb:25:in `call'
  actionpack (3.2.12) lib/action_dispatch/middleware/head.rb:14:in `call'
  actionpack (3.2.12) lib/action_dispatch/middleware/params_parser.rb:21:in `call'
  actionpack (3.2.12) lib/action_dispatch/middleware/flash.rb:242:in `call'
  rack (1.4.5) lib/rack/session/abstract/id.rb:210:in `context'
  rack (1.4.5) lib/rack/session/abstract/id.rb:205:in `call'
  actionpack (3.2.12) lib/action_dispatch/middleware/cookies.rb:341:in `call'
  activerecord (3.2.12) lib/active_record/query_cache.rb:64:in `call'
  activerecord (3.2.12) lib/active_record/connection_adapters/abstract/connection_pool.rb:479:in `call'
  actionpack (3.2.12) lib/action_dispatch/middleware/callbacks.rb:28:in `block in call'
  activesupport (3.2.12) lib/active_support/callbacks.rb:405:in `_run__637908297__call__189920417__callbacks'
  activesupport (3.2.12) lib/active_support/callbacks.rb:405:in `__run_callback'
  activesupport (3.2.12) lib/active_support/callbacks.rb:385:in `_run_call_callbacks'
  activesupport (3.2.12) lib/active_support/callbacks.rb:81:in `run_callbacks'
  actionpack (3.2.12) lib/action_dispatch/middleware/callbacks.rb:27:in `call'
  actionpack (3.2.12) lib/action_dispatch/middleware/reloader.rb:65:in `call'
  actionpack (3.2.12) lib/action_dispatch/middleware/remote_ip.rb:31:in `call'
  actionpack (3.2.12) lib/action_dispatch/middleware/debug_exceptions.rb:16:in `call'
  actionpack (3.2.12) lib/action_dispatch/middleware/show_exceptions.rb:56:in `call'
  railties (3.2.12) lib/rails/rack/logger.rb:32:in `call_app'
  railties (3.2.12) lib/rails/rack/logger.rb:16:in `block in call'
  activesupport (3.2.12) lib/active_support/tagged_logging.rb:22:in `tagged'
  railties (3.2.12) lib/rails/rack/logger.rb:16:in `call'
  actionpack (3.2.12) lib/action_dispatch/middleware/request_id.rb:22:in `call'
  rack (1.4.5) lib/rack/methodoverride.rb:21:in `call'
  rack (1.4.5) lib/rack/runtime.rb:17:in `call'
  activesupport (3.2.12) lib/active_support/cache/strategy/local_cache.rb:72:in `call'
  rack (1.4.5) lib/rack/lock.rb:15:in `call'
  actionpack (3.2.12) lib/action_dispatch/middleware/static.rb:62:in `call'
  railties (3.2.12) lib/rails/engine.rb:479:in `call'
  railties (3.2.12) lib/rails/application.rb:223:in `call'
  rack (1.4.5) lib/rack/content_length.rb:14:in `call'
  railties (3.2.12) lib/rails/rack/log_tailer.rb:17:in `call'
  rack (1.4.5) lib/rack/handler/webrick.rb:59:in `service'
  /home/ishay/.rvm/rubies/ruby-1.9.3-p392/lib/ruby/1.9.1/webrick/httpserver.rb:138:in `service'
  /home/ishay/.rvm/rubies/ruby-1.9.3-p392/lib/ruby/1.9.1/webrick/httpserver.rb:94:in `run'
  /home/ishay/.rvm/rubies/ruby-1.9.3-p392/lib/ruby/1.9.1/webrick/server.rb:191:in `block in start_thread'


  Rendered /home/ishay/.rvm/gems/ruby-1.9.3-p392/gems/actionpack-3.2.12/lib/action_dispatch/middleware/templates/rescues/_trace.erb (0.7ms)
  Rendered /home/ishay/.rvm/gems/ruby-1.9.3-p392/gems/actionpack-3.2.12/lib/action_dispatch/middleware/templates/rescues/_request_and_response.erb (0.8ms)
  Rendered /home/ishay/.rvm/gems/ruby-1.9.3-p392/gems/actionpack-3.2.12/lib/action_dispatch/middleware/templates/rescues/diagnostics.erb within rescues/layout (5.3ms)


Started GET "/previews" for 127.0.0.1 at 2013-11-24 13:06:24 +0200

SyntaxError (/home/ishay/code/previewer/app/controllers/previews_controller.rb:7: syntax error, unexpected tIVAR, expecting keyword_end):
  activesupport (3.2.12) lib/active_support/dependencies.rb:469:in `load'
  activesupport (3.2.12) lib/active_support/dependencies.rb:469:in `block in load_file'
  activesupport (3.2.12) lib/active_support/dependencies.rb:639:in `new_constants_in'
  activesupport (3.2.12) lib/active_support/dependencies.rb:468:in `load_file'
  activesupport (3.2.12) lib/active_support/dependencies.rb:353:in `require_or_load'
  activesupport (3.2.12) lib/active_support/dependencies.rb:502:in `load_missing_constant'
  activesupport (3.2.12) lib/active_support/dependencies.rb:192:in `block in const_missing'
  activesupport (3.2.12) lib/active_support/dependencies.rb:190:in `each'
  activesupport (3.2.12) lib/active_support/dependencies.rb:190:in `const_missing'
  activesupport (3.2.12) lib/active_support/inflector/methods.rb:230:in `block in constantize'
  activesupport (3.2.12) lib/active_support/inflector/methods.rb:229:in `each'
  activesupport (3.2.12) lib/active_support/inflector/methods.rb:229:in `constantize'
  activesupport (3.2.12) lib/active_support/dependencies.rb:554:in `get'
  actionpack (3.2.12) lib/action_dispatch/routing/route_set.rb:69:in `controller_reference'
  actionpack (3.2.12) lib/action_dispatch/routing/route_set.rb:54:in `controller'
  actionpack (3.2.12) lib/action_dispatch/routing/route_set.rb:32:in `call'
  journey (1.0.4) lib/journey/router.rb:68:in `block in call'
  journey (1.0.4) lib/journey/router.rb:56:in `each'
  journey (1.0.4) lib/journey/router.rb:56:in `call'
  actionpack (3.2.12) lib/action_dispatch/routing/route_set.rb:601:in `call'
  actionpack (3.2.12) lib/action_dispatch/middleware/best_standards_support.rb:17:in `call'
  rack (1.4.5) lib/rack/etag.rb:23:in `call'
  rack (1.4.5) lib/rack/conditionalget.rb:25:in `call'
  actionpack (3.2.12) lib/action_dispatch/middleware/head.rb:14:in `call'
  actionpack (3.2.12) lib/action_dispatch/middleware/params_parser.rb:21:in `call'
  actionpack (3.2.12) lib/action_dispatch/middleware/flash.rb:242:in `call'
  rack (1.4.5) lib/rack/session/abstract/id.rb:210:in `context'
  rack (1.4.5) lib/rack/session/abstract/id.rb:205:in `call'
  actionpack (3.2.12) lib/action_dispatch/middleware/cookies.rb:341:in `call'
  activerecord (3.2.12) lib/active_record/query_cache.rb:64:in `call'
  activerecord (3.2.12) lib/active_record/connection_adapters/abstract/connection_pool.rb:479:in `call'
  actionpack (3.2.12) lib/action_dispatch/middleware/callbacks.rb:28:in `block in call'
  activesupport (3.2.12) lib/active_support/callbacks.rb:405:in `_run__637908297__call__189920417__callbacks'
  activesupport (3.2.12) lib/active_support/callbacks.rb:405:in `__run_callback'
  activesupport (3.2.12) lib/active_support/callbacks.rb:385:in `_run_call_callbacks'
  activesupport (3.2.12) lib/active_support/callbacks.rb:81:in `run_callbacks'
  actionpack (3.2.12) lib/action_dispatch/middleware/callbacks.rb:27:in `call'
  actionpack (3.2.12) lib/action_dispatch/middleware/reloader.rb:65:in `call'
  actionpack (3.2.12) lib/action_dispatch/middleware/remote_ip.rb:31:in `call'
  actionpack (3.2.12) lib/action_dispatch/middleware/debug_exceptions.rb:16:in `call'
  actionpack (3.2.12) lib/action_dispatch/middleware/show_exceptions.rb:56:in `call'
  railties (3.2.12) lib/rails/rack/logger.rb:32:in `call_app'
  railties (3.2.12) lib/rails/rack/logger.rb:16:in `block in call'
  activesupport (3.2.12) lib/active_support/tagged_logging.rb:22:in `tagged'
  railties (3.2.12) lib/rails/rack/logger.rb:16:in `call'
  actionpack (3.2.12) lib/action_dispatch/middleware/request_id.rb:22:in `call'
  rack (1.4.5) lib/rack/methodoverride.rb:21:in `call'
  rack (1.4.5) lib/rack/runtime.rb:17:in `call'
  activesupport (3.2.12) lib/active_support/cache/strategy/local_cache.rb:72:in `call'
  rack (1.4.5) lib/rack/lock.rb:15:in `call'
  actionpack (3.2.12) lib/action_dispatch/middleware/static.rb:62:in `call'
  railties (3.2.12) lib/rails/engine.rb:479:in `call'
  railties (3.2.12) lib/rails/application.rb:223:in `call'
  rack (1.4.5) lib/rack/content_length.rb:14:in `call'
  railties (3.2.12) lib/rails/rack/log_tailer.rb:17:in `call'
  rack (1.4.5) lib/rack/handler/webrick.rb:59:in `service'
  /home/ishay/.rvm/rubies/ruby-1.9.3-p392/lib/ruby/1.9.1/webrick/httpserver.rb:138:in `service'
  /home/ishay/.rvm/rubies/ruby-1.9.3-p392/lib/ruby/1.9.1/webrick/httpserver.rb:94:in `run'
  /home/ishay/.rvm/rubies/ruby-1.9.3-p392/lib/ruby/1.9.1/webrick/server.rb:191:in `block in start_thread'


  Rendered /home/ishay/.rvm/gems/ruby-1.9.3-p392/gems/actionpack-3.2.12/lib/action_dispatch/middleware/templates/rescues/_trace.erb (0.8ms)
  Rendered /home/ishay/.rvm/gems/ruby-1.9.3-p392/gems/actionpack-3.2.12/lib/action_dispatch/middleware/templates/rescues/_request_and_response.erb (0.6ms)
  Rendered /home/ishay/.rvm/gems/ruby-1.9.3-p392/gems/actionpack-3.2.12/lib/action_dispatch/middleware/templates/rescues/diagnostics.erb within rescues/layout (5.2ms)


Started GET "/previews" for 127.0.0.1 at 2013-11-24 13:06:25 +0200

SyntaxError (/home/ishay/code/previewer/app/controllers/previews_controller.rb:7: syntax error, unexpected tIVAR, expecting keyword_end):
  activesupport (3.2.12) lib/active_support/dependencies.rb:469:in `load'
  activesupport (3.2.12) lib/active_support/dependencies.rb:469:in `block in load_file'
  activesupport (3.2.12) lib/active_support/dependencies.rb:639:in `new_constants_in'
  activesupport (3.2.12) lib/active_support/dependencies.rb:468:in `load_file'
  activesupport (3.2.12) lib/active_support/dependencies.rb:353:in `require_or_load'
  activesupport (3.2.12) lib/active_support/dependencies.rb:502:in `load_missing_constant'
  activesupport (3.2.12) lib/active_support/dependencies.rb:192:in `block in const_missing'
  activesupport (3.2.12) lib/active_support/dependencies.rb:190:in `each'
  activesupport (3.2.12) lib/active_support/dependencies.rb:190:in `const_missing'
  activesupport (3.2.12) lib/active_support/inflector/methods.rb:230:in `block in constantize'
  activesupport (3.2.12) lib/active_support/inflector/methods.rb:229:in `each'
  activesupport (3.2.12) lib/active_support/inflector/methods.rb:229:in `constantize'
  activesupport (3.2.12) lib/active_support/dependencies.rb:554:in `get'
  actionpack (3.2.12) lib/action_dispatch/routing/route_set.rb:69:in `controller_reference'
  actionpack (3.2.12) lib/action_dispatch/routing/route_set.rb:54:in `controller'
  actionpack (3.2.12) lib/action_dispatch/routing/route_set.rb:32:in `call'
  journey (1.0.4) lib/journey/router.rb:68:in `block in call'
  journey (1.0.4) lib/journey/router.rb:56:in `each'
  journey (1.0.4) lib/journey/router.rb:56:in `call'
  actionpack (3.2.12) lib/action_dispatch/routing/route_set.rb:601:in `call'
  actionpack (3.2.12) lib/action_dispatch/middleware/best_standards_support.rb:17:in `call'
  rack (1.4.5) lib/rack/etag.rb:23:in `call'
  rack (1.4.5) lib/rack/conditionalget.rb:25:in `call'
  actionpack (3.2.12) lib/action_dispatch/middleware/head.rb:14:in `call'
  actionpack (3.2.12) lib/action_dispatch/middleware/params_parser.rb:21:in `call'
  actionpack (3.2.12) lib/action_dispatch/middleware/flash.rb:242:in `call'
  rack (1.4.5) lib/rack/session/abstract/id.rb:210:in `context'
  rack (1.4.5) lib/rack/session/abstract/id.rb:205:in `call'
  actionpack (3.2.12) lib/action_dispatch/middleware/cookies.rb:341:in `call'
  activerecord (3.2.12) lib/active_record/query_cache.rb:64:in `call'
  activerecord (3.2.12) lib/active_record/connection_adapters/abstract/connection_pool.rb:479:in `call'
  actionpack (3.2.12) lib/action_dispatch/middleware/callbacks.rb:28:in `block in call'
  activesupport (3.2.12) lib/active_support/callbacks.rb:405:in `_run__637908297__call__189920417__callbacks'
  activesupport (3.2.12) lib/active_support/callbacks.rb:405:in `__run_callback'
  activesupport (3.2.12) lib/active_support/callbacks.rb:385:in `_run_call_callbacks'
  activesupport (3.2.12) lib/active_support/callbacks.rb:81:in `run_callbacks'
  actionpack (3.2.12) lib/action_dispatch/middleware/callbacks.rb:27:in `call'
  actionpack (3.2.12) lib/action_dispatch/middleware/reloader.rb:65:in `call'
  actionpack (3.2.12) lib/action_dispatch/middleware/remote_ip.rb:31:in `call'
  actionpack (3.2.12) lib/action_dispatch/middleware/debug_exceptions.rb:16:in `call'
  actionpack (3.2.12) lib/action_dispatch/middleware/show_exceptions.rb:56:in `call'
  railties (3.2.12) lib/rails/rack/logger.rb:32:in `call_app'
  railties (3.2.12) lib/rails/rack/logger.rb:16:in `block in call'
  activesupport (3.2.12) lib/active_support/tagged_logging.rb:22:in `tagged'
  railties (3.2.12) lib/rails/rack/logger.rb:16:in `call'
  actionpack (3.2.12) lib/action_dispatch/middleware/request_id.rb:22:in `call'
  rack (1.4.5) lib/rack/methodoverride.rb:21:in `call'
  rack (1.4.5) lib/rack/runtime.rb:17:in `call'
  activesupport (3.2.12) lib/active_support/cache/strategy/local_cache.rb:72:in `call'
  rack (1.4.5) lib/rack/lock.rb:15:in `call'
  actionpack (3.2.12) lib/action_dispatch/middleware/static.rb:62:in `call'
  railties (3.2.12) lib/rails/engine.rb:479:in `call'
  railties (3.2.12) lib/rails/application.rb:223:in `call'
  rack (1.4.5) lib/rack/content_length.rb:14:in `call'
  railties (3.2.12) lib/rails/rack/log_tailer.rb:17:in `call'
  rack (1.4.5) lib/rack/handler/webrick.rb:59:in `service'
  /home/ishay/.rvm/rubies/ruby-1.9.3-p392/lib/ruby/1.9.1/webrick/httpserver.rb:138:in `service'
  /home/ishay/.rvm/rubies/ruby-1.9.3-p392/lib/ruby/1.9.1/webrick/httpserver.rb:94:in `run'
  /home/ishay/.rvm/rubies/ruby-1.9.3-p392/lib/ruby/1.9.1/webrick/server.rb:191:in `block in start_thread'


  Rendered /home/ishay/.rvm/gems/ruby-1.9.3-p392/gems/actionpack-3.2.12/lib/action_dispatch/middleware/templates/rescues/_trace.erb (1.6ms)
  Rendered /home/ishay/.rvm/gems/ruby-1.9.3-p392/gems/actionpack-3.2.12/lib/action_dispatch/middleware/templates/rescues/_request_and_response.erb (0.6ms)
  Rendered /home/ishay/.rvm/gems/ruby-1.9.3-p392/gems/actionpack-3.2.12/lib/action_dispatch/middleware/templates/rescues/diagnostics.erb within rescues/layout (6.9ms)


Started GET "/previews" for 127.0.0.1 at 2013-11-24 13:06:27 +0200

SyntaxError (/home/ishay/code/previewer/app/controllers/previews_controller.rb:7: syntax error, unexpected tIVAR, expecting keyword_end):
  activesupport (3.2.12) lib/active_support/dependencies.rb:469:in `load'
  activesupport (3.2.12) lib/active_support/dependencies.rb:469:in `block in load_file'
  activesupport (3.2.12) lib/active_support/dependencies.rb:639:in `new_constants_in'
  activesupport (3.2.12) lib/active_support/dependencies.rb:468:in `load_file'
  activesupport (3.2.12) lib/active_support/dependencies.rb:353:in `require_or_load'
  activesupport (3.2.12) lib/active_support/dependencies.rb:502:in `load_missing_constant'
  activesupport (3.2.12) lib/active_support/dependencies.rb:192:in `block in const_missing'
  activesupport (3.2.12) lib/active_support/dependencies.rb:190:in `each'
  activesupport (3.2.12) lib/active_support/dependencies.rb:190:in `const_missing'
  activesupport (3.2.12) lib/active_support/inflector/methods.rb:230:in `block in constantize'
  activesupport (3.2.12) lib/active_support/inflector/methods.rb:229:in `each'
  activesupport (3.2.12) lib/active_support/inflector/methods.rb:229:in `constantize'
  activesupport (3.2.12) lib/active_support/dependencies.rb:554:in `get'
  actionpack (3.2.12) lib/action_dispatch/routing/route_set.rb:69:in `controller_reference'
  actionpack (3.2.12) lib/action_dispatch/routing/route_set.rb:54:in `controller'
  actionpack (3.2.12) lib/action_dispatch/routing/route_set.rb:32:in `call'
  journey (1.0.4) lib/journey/router.rb:68:in `block in call'
  journey (1.0.4) lib/journey/router.rb:56:in `each'
  journey (1.0.4) lib/journey/router.rb:56:in `call'
  actionpack (3.2.12) lib/action_dispatch/routing/route_set.rb:601:in `call'
  actionpack (3.2.12) lib/action_dispatch/middleware/best_standards_support.rb:17:in `call'
  rack (1.4.5) lib/rack/etag.rb:23:in `call'
  rack (1.4.5) lib/rack/conditionalget.rb:25:in `call'
  actionpack (3.2.12) lib/action_dispatch/middleware/head.rb:14:in `call'
  actionpack (3.2.12) lib/action_dispatch/middleware/params_parser.rb:21:in `call'
  actionpack (3.2.12) lib/action_dispatch/middleware/flash.rb:242:in `call'
  rack (1.4.5) lib/rack/session/abstract/id.rb:210:in `context'
  rack (1.4.5) lib/rack/session/abstract/id.rb:205:in `call'
  actionpack (3.2.12) lib/action_dispatch/middleware/cookies.rb:341:in `call'
  activerecord (3.2.12) lib/active_record/query_cache.rb:64:in `call'
  activerecord (3.2.12) lib/active_record/connection_adapters/abstract/connection_pool.rb:479:in `call'
  actionpack (3.2.12) lib/action_dispatch/middleware/callbacks.rb:28:in `block in call'
  activesupport (3.2.12) lib/active_support/callbacks.rb:405:in `_run__637908297__call__189920417__callbacks'
  activesupport (3.2.12) lib/active_support/callbacks.rb:405:in `__run_callback'
  activesupport (3.2.12) lib/active_support/callbacks.rb:385:in `_run_call_callbacks'
  activesupport (3.2.12) lib/active_support/callbacks.rb:81:in `run_callbacks'
  actionpack (3.2.12) lib/action_dispatch/middleware/callbacks.rb:27:in `call'
  actionpack (3.2.12) lib/action_dispatch/middleware/reloader.rb:65:in `call'
  actionpack (3.2.12) lib/action_dispatch/middleware/remote_ip.rb:31:in `call'
  actionpack (3.2.12) lib/action_dispatch/middleware/debug_exceptions.rb:16:in `call'
  actionpack (3.2.12) lib/action_dispatch/middleware/show_exceptions.rb:56:in `call'
  railties (3.2.12) lib/rails/rack/logger.rb:32:in `call_app'
  railties (3.2.12) lib/rails/rack/logger.rb:16:in `block in call'
  activesupport (3.2.12) lib/active_support/tagged_logging.rb:22:in `tagged'
  railties (3.2.12) lib/rails/rack/logger.rb:16:in `call'
  actionpack (3.2.12) lib/action_dispatch/middleware/request_id.rb:22:in `call'
  rack (1.4.5) lib/rack/methodoverride.rb:21:in `call'
  rack (1.4.5) lib/rack/runtime.rb:17:in `call'
  activesupport (3.2.12) lib/active_support/cache/strategy/local_cache.rb:72:in `call'
  rack (1.4.5) lib/rack/lock.rb:15:in `call'
  actionpack (3.2.12) lib/action_dispatch/middleware/static.rb:62:in `call'
  railties (3.2.12) lib/rails/engine.rb:479:in `call'
  railties (3.2.12) lib/rails/application.rb:223:in `call'
  rack (1.4.5) lib/rack/content_length.rb:14:in `call'
  railties (3.2.12) lib/rails/rack/log_tailer.rb:17:in `call'
  rack (1.4.5) lib/rack/handler/webrick.rb:59:in `service'
  /home/ishay/.rvm/rubies/ruby-1.9.3-p392/lib/ruby/1.9.1/webrick/httpserver.rb:138:in `service'
  /home/ishay/.rvm/rubies/ruby-1.9.3-p392/lib/ruby/1.9.1/webrick/httpserver.rb:94:in `run'
  /home/ishay/.rvm/rubies/ruby-1.9.3-p392/lib/ruby/1.9.1/webrick/server.rb:191:in `block in start_thread'


  Rendered /home/ishay/.rvm/gems/ruby-1.9.3-p392/gems/actionpack-3.2.12/lib/action_dispatch/middleware/templates/rescues/_trace.erb (0.8ms)
  Rendered /home/ishay/.rvm/gems/ruby-1.9.3-p392/gems/actionpack-3.2.12/lib/action_dispatch/middleware/templates/rescues/_request_and_response.erb (1.7ms)
  Rendered /home/ishay/.rvm/gems/ruby-1.9.3-p392/gems/actionpack-3.2.12/lib/action_dispatch/middleware/templates/rescues/diagnostics.erb within rescues/layout (6.9ms)


Started GET "/previews?target_url=www.google.com" for 127.0.0.1 at 2013-11-24 13:06:57 +0200

SyntaxError (/home/ishay/code/previewer/app/controllers/previews_controller.rb:7: syntax error, unexpected tIVAR, expecting keyword_end):
  activesupport (3.2.12) lib/active_support/dependencies.rb:469:in `load'
  activesupport (3.2.12) lib/active_support/dependencies.rb:469:in `block in load_file'
  activesupport (3.2.12) lib/active_support/dependencies.rb:639:in `new_constants_in'
  activesupport (3.2.12) lib/active_support/dependencies.rb:468:in `load_file'
  activesupport (3.2.12) lib/active_support/dependencies.rb:353:in `require_or_load'
  activesupport (3.2.12) lib/active_support/dependencies.rb:502:in `load_missing_constant'
  activesupport (3.2.12) lib/active_support/dependencies.rb:192:in `block in const_missing'
  activesupport (3.2.12) lib/active_support/dependencies.rb:190:in `each'
  activesupport (3.2.12) lib/active_support/dependencies.rb:190:in `const_missing'
  activesupport (3.2.12) lib/active_support/inflector/methods.rb:230:in `block in constantize'
  activesupport (3.2.12) lib/active_support/inflector/methods.rb:229:in `each'
  activesupport (3.2.12) lib/active_support/inflector/methods.rb:229:in `constantize'
  activesupport (3.2.12) lib/active_support/dependencies.rb:554:in `get'
  actionpack (3.2.12) lib/action_dispatch/routing/route_set.rb:69:in `controller_reference'
  actionpack (3.2.12) lib/action_dispatch/routing/route_set.rb:54:in `controller'
  actionpack (3.2.12) lib/action_dispatch/routing/route_set.rb:32:in `call'
  journey (1.0.4) lib/journey/router.rb:68:in `block in call'
  journey (1.0.4) lib/journey/router.rb:56:in `each'
  journey (1.0.4) lib/journey/router.rb:56:in `call'
  actionpack (3.2.12) lib/action_dispatch/routing/route_set.rb:601:in `call'
  actionpack (3.2.12) lib/action_dispatch/middleware/best_standards_support.rb:17:in `call'
  rack (1.4.5) lib/rack/etag.rb:23:in `call'
  rack (1.4.5) lib/rack/conditionalget.rb:25:in `call'
  actionpack (3.2.12) lib/action_dispatch/middleware/head.rb:14:in `call'
  actionpack (3.2.12) lib/action_dispatch/middleware/params_parser.rb:21:in `call'
  actionpack (3.2.12) lib/action_dispatch/middleware/flash.rb:242:in `call'
  rack (1.4.5) lib/rack/session/abstract/id.rb:210:in `context'
  rack (1.4.5) lib/rack/session/abstract/id.rb:205:in `call'
  actionpack (3.2.12) lib/action_dispatch/middleware/cookies.rb:341:in `call'
  activerecord (3.2.12) lib/active_record/query_cache.rb:64:in `call'
  activerecord (3.2.12) lib/active_record/connection_adapters/abstract/connection_pool.rb:479:in `call'
  actionpack (3.2.12) lib/action_dispatch/middleware/callbacks.rb:28:in `block in call'
  activesupport (3.2.12) lib/active_support/callbacks.rb:405:in `_run__637908297__call__189920417__callbacks'
  activesupport (3.2.12) lib/active_support/callbacks.rb:405:in `__run_callback'
  activesupport (3.2.12) lib/active_support/callbacks.rb:385:in `_run_call_callbacks'
  activesupport (3.2.12) lib/active_support/callbacks.rb:81:in `run_callbacks'
  actionpack (3.2.12) lib/action_dispatch/middleware/callbacks.rb:27:in `call'
  actionpack (3.2.12) lib/action_dispatch/middleware/reloader.rb:65:in `call'
  actionpack (3.2.12) lib/action_dispatch/middleware/remote_ip.rb:31:in `call'
  actionpack (3.2.12) lib/action_dispatch/middleware/debug_exceptions.rb:16:in `call'
  actionpack (3.2.12) lib/action_dispatch/middleware/show_exceptions.rb:56:in `call'
  railties (3.2.12) lib/rails/rack/logger.rb:32:in `call_app'
  railties (3.2.12) lib/rails/rack/logger.rb:16:in `block in call'
  activesupport (3.2.12) lib/active_support/tagged_logging.rb:22:in `tagged'
  railties (3.2.12) lib/rails/rack/logger.rb:16:in `call'
  actionpack (3.2.12) lib/action_dispatch/middleware/request_id.rb:22:in `call'
  rack (1.4.5) lib/rack/methodoverride.rb:21:in `call'
  rack (1.4.5) lib/rack/runtime.rb:17:in `call'
  activesupport (3.2.12) lib/active_support/cache/strategy/local_cache.rb:72:in `call'
  rack (1.4.5) lib/rack/lock.rb:15:in `call'
  actionpack (3.2.12) lib/action_dispatch/middleware/static.rb:62:in `call'
  railties (3.2.12) lib/rails/engine.rb:479:in `call'
  railties (3.2.12) lib/rails/application.rb:223:in `call'
  rack (1.4.5) lib/rack/content_length.rb:14:in `call'
  railties (3.2.12) lib/rails/rack/log_tailer.rb:17:in `call'
  rack (1.4.5) lib/rack/handler/webrick.rb:59:in `service'
  /home/ishay/.rvm/rubies/ruby-1.9.3-p392/lib/ruby/1.9.1/webrick/httpserver.rb:138:in `service'
  /home/ishay/.rvm/rubies/ruby-1.9.3-p392/lib/ruby/1.9.1/webrick/httpserver.rb:94:in `run'
  /home/ishay/.rvm/rubies/ruby-1.9.3-p392/lib/ruby/1.9.1/webrick/server.rb:191:in `block in start_thread'


  Rendered /home/ishay/.rvm/gems/ruby-1.9.3-p392/gems/actionpack-3.2.12/lib/action_dispatch/middleware/templates/rescues/_trace.erb (1.2ms)
  Rendered /home/ishay/.rvm/gems/ruby-1.9.3-p392/gems/actionpack-3.2.12/lib/action_dispatch/middleware/templates/rescues/_request_and_response.erb (0.6ms)
  Rendered /home/ishay/.rvm/gems/ruby-1.9.3-p392/gems/actionpack-3.2.12/lib/action_dispatch/middleware/templates/rescues/diagnostics.erb within rescues/layout (6.4ms)


Started GET "/previews?target_url=www.google.com" for 127.0.0.1 at 2013-11-24 13:07:24 +0200
Processing by PreviewsController#show as HTML
  Parameters: {"target_url"=>"www.google.com"}
Completed 500 Internal Server Error in 3ms

NoMethodError (undefined method `render_element' for ImageProcessing::Renderers::Html:Class):
  app/controllers/previews_controller.rb:7:in `show'


  Rendered /home/ishay/.rvm/gems/ruby-1.9.3-p392/gems/actionpack-3.2.12/lib/action_dispatch/middleware/templates/rescues/_trace.erb (1.2ms)
  Rendered /home/ishay/.rvm/gems/ruby-1.9.3-p392/gems/actionpack-3.2.12/lib/action_dispatch/middleware/templates/rescues/_request_and_response.erb (0.6ms)
  Rendered /home/ishay/.rvm/gems/ruby-1.9.3-p392/gems/actionpack-3.2.12/lib/action_dispatch/middleware/templates/rescues/diagnostics.erb within rescues/layout (5.8ms)


Started GET "/previews?target_url=www.google.com" for 127.0.0.1 at 2013-11-24 13:07:34 +0200
Connecting to database specified by database.yml
Processing by PreviewsController#show as HTML
  Parameters: {"target_url"=>"www.google.com"}
Completed 500 Internal Server Error in 3ms

NoMethodError (undefined method `render_element' for ImageProcessing::Renderers::Html:Class):
  app/controllers/previews_controller.rb:7:in `show'


  Rendered /home/ishay/.rvm/gems/ruby-1.9.3-p392/gems/actionpack-3.2.12/lib/action_dispatch/middleware/templates/rescues/_trace.erb (0.9ms)
  Rendered /home/ishay/.rvm/gems/ruby-1.9.3-p392/gems/actionpack-3.2.12/lib/action_dispatch/middleware/templates/rescues/_request_and_response.erb (1.1ms)
  Rendered /home/ishay/.rvm/gems/ruby-1.9.3-p392/gems/actionpack-3.2.12/lib/action_dispatch/middleware/templates/rescues/diagnostics.erb within rescues/layout (7.6ms)


Started GET "/previews?target_url=www.google.com" for 127.0.0.1 at 2013-11-24 13:07:37 +0200
Processing by PreviewsController#show as HTML
  Parameters: {"target_url"=>"www.google.com"}
Completed 500 Internal Server Error in 0ms

NoMethodError (undefined method `render_element' for ImageProcessing::Renderers::Html:Class):
  app/controllers/previews_controller.rb:7:in `show'


  Rendered /home/ishay/.rvm/gems/ruby-1.9.3-p392/gems/actionpack-3.2.12/lib/action_dispatch/middleware/templates/rescues/_trace.erb (1.3ms)
  Rendered /home/ishay/.rvm/gems/ruby-1.9.3-p392/gems/actionpack-3.2.12/lib/action_dispatch/middleware/templates/rescues/_request_and_response.erb (0.9ms)
  Rendered /home/ishay/.rvm/gems/ruby-1.9.3-p392/gems/actionpack-3.2.12/lib/action_dispatch/middleware/templates/rescues/diagnostics.erb within rescues/layout (6.8ms)


Started GET "/previews?target_url=www.google.com" for 127.0.0.1 at 2013-11-24 13:08:05 +0200
Processing by PreviewsController#show as HTML
  Parameters: {"target_url"=>"www.google.com"}
Completed 500 Internal Server Error in 6ms

NoMethodError (undefined method `render_element' for #<ImageProcessing::Renderers::Html:0xb5aad718>):
  app/controllers/previews_controller.rb:7:in `show'


  Rendered /home/ishay/.rvm/gems/ruby-1.9.3-p392/gems/actionpack-3.2.12/lib/action_dispatch/middleware/templates/rescues/_trace.erb (1.1ms)
  Rendered /home/ishay/.rvm/gems/ruby-1.9.3-p392/gems/actionpack-3.2.12/lib/action_dispatch/middleware/templates/rescues/_request_and_response.erb (0.6ms)
  Rendered /home/ishay/.rvm/gems/ruby-1.9.3-p392/gems/actionpack-3.2.12/lib/action_dispatch/middleware/templates/rescues/diagnostics.erb within rescues/layout (6.4ms)


Started GET "/previews?target_url=www.google.com" for 127.0.0.1 at 2013-11-24 13:08:53 +0200
Processing by PreviewsController#show as HTML
  Parameters: {"target_url"=>"www.google.com"}
Completed 500 Internal Server Error in 7ms

NoMethodError (undefined method `render_element' for #<ImageProcessing::Renderers::Html:0x9bef0b0>):
  app/controllers/previews_controller.rb:8:in `show'


  Rendered /home/ishay/.rvm/gems/ruby-1.9.3-p392/gems/actionpack-3.2.12/lib/action_dispatch/middleware/templates/rescues/_trace.erb (1.8ms)
  Rendered /home/ishay/.rvm/gems/ruby-1.9.3-p392/gems/actionpack-3.2.12/lib/action_dispatch/middleware/templates/rescues/_request_and_response.erb (2.8ms)
  Rendered /home/ishay/.rvm/gems/ruby-1.9.3-p392/gems/actionpack-3.2.12/lib/action_dispatch/middleware/templates/rescues/diagnostics.erb within rescues/layout (17.0ms)


Started GET "/previews?target_url=www.google.com" for 127.0.0.1 at 2013-11-24 13:09:16 +0200
Connecting to database specified by database.yml
Processing by PreviewsController#show as HTML
  Parameters: {"target_url"=>"www.google.com"}
Completed 500 Internal Server Error in 3ms

NoMethodError (undefined method `render_element' for #<ImageProcessing::Renderers::Html:0xaf00424>):
  app/controllers/previews_controller.rb:8:in `show'


  Rendered /home/ishay/.rvm/gems/ruby-1.9.3-p392/gems/actionpack-3.2.12/lib/action_dispatch/middleware/templates/rescues/_trace.erb (2.8ms)
  Rendered /home/ishay/.rvm/gems/ruby-1.9.3-p392/gems/actionpack-3.2.12/lib/action_dispatch/middleware/templates/rescues/_request_and_response.erb (0.7ms)
  Rendered /home/ishay/.rvm/gems/ruby-1.9.3-p392/gems/actionpack-3.2.12/lib/action_dispatch/middleware/templates/rescues/diagnostics.erb within rescues/layout (11.3ms)


Started GET "/previews?target_url=www.google.com" for 127.0.0.1 at 2013-11-24 13:10:23 +0200
Processing by PreviewsController#show as HTML
  Parameters: {"target_url"=>"www.google.com"}
Completed 500 Internal Server Error in 14ms

NoMethodError (undefined method `to_ms' for Sun, 24 Nov 2013 13:10:23 +0200:DateTime):
  app/middlewares/image_processing/renderers/html.rb:15:in `render_element'
  app/controllers/previews_controller.rb:8:in `show'


  Rendered /home/ishay/.rvm/gems/ruby-1.9.3-p392/gems/actionpack-3.2.12/lib/action_dispatch/middleware/templates/rescues/_trace.erb (3.6ms)
  Rendered /home/ishay/.rvm/gems/ruby-1.9.3-p392/gems/actionpack-3.2.12/lib/action_dispatch/middleware/templates/rescues/_request_and_response.erb (0.8ms)
  Rendered /home/ishay/.rvm/gems/ruby-1.9.3-p392/gems/actionpack-3.2.12/lib/action_dispatch/middleware/templates/rescues/diagnostics.erb within rescues/layout (13.7ms)


Started GET "/previews?target_url=www.google.com" for 127.0.0.1 at 2013-11-24 13:10:51 +0200
Processing by PreviewsController#show as HTML
  Parameters: {"target_url"=>"www.google.com"}
Completed 500 Internal Server Error in 24273ms

Selenium::WebDriver::Error::UnknownError (Unknown command 'WaitForAllTabsToStopLoading'. Options: AcceptOrDismissAppModalDialog, ActionOnSSLBlockingPage, ActivateTab, AddBookmark, AddDomEventObserver, AppendTab, ApplyAccelerator, BringBrowserToFront, ClearEventQueue, CloseBrowserWindow, CloseTab, CreateNewAutomationProvider, DeleteCookie, DeleteCookieInBrowserContext, DoesAutomationObjectExist, DragAndDropFilePaths, ExecuteJavascript, ExecuteJavascriptInRenderView, GetActiveTabIndex, GetAppModalDialogMessage, GetBookmarkBarStatus, GetBookmarksAsJSON, GetBrowserInfo, GetBrowserWindowCount, GetChromeDriverAutomationVersion, GetCookies, GetCookiesInBrowserContext, GetDownloadDirectory, GetExtensionsInfo, GetIndicesFromTab, GetLocalStatePrefsInfo, GetMultiProfileInfo, GetNextEvent, GetPrefsInfo, GetProcessInfo, GetSecurityState, GetTabCount, GetTabIds, GetTabInfo, GetViews, GoBack, GoForward, InstallExtension, IsDownloadShelfVisible, IsFindInPageVisible, IsMenuCommandEnabled, IsPageActionVisible, IsTabIdValid, MaximizeView, NavigateToURL, OpenFindInPage, OpenNewBrowserWindow, OpenNewBrowserWindowWithNewProfile, OpenProfileWindow, OverrideGeoposition, RefreshPolicies, Reload, RemoveBookmark, RemoveEventObserver, ReparentBookmark, RunCommand, SendWebkitKeyEvent, SetBookmarkTitle, SetBookmarkURL, SetCookie, SetCookieInBrowserContext, SetDownloadShelfVisible, SetExtensionStateById, SetLocalStatePrefs, SetPrefs, SetViewBounds, SimulateAsanMemoryBug, TriggerBrowserActionById, TriggerPageActionById, UninstallExtensionById, UpdateExtensionsNow, WaitForBookmarkModelToLoad, WaitUntilNavigationCompletes, WebkitMouseButtonDown, WebkitMouseButtonUp, WebkitMouseClick, WebkitMouseDoubleClick, WebkitMouseDrag, WebkitMouseMove, AcceptCurrentFullscreenOrMouseLockRequest, AddOrEditSearchEngine, AddSavedPassword, CloseNotification, DenyCurrentFullscreenOrMouseLockRequest, DisablePlugin, EnablePlugin, FindInPage, GetAllNotifications, GetDownloadsInfo, GetFPS, GetHistoryInfo, GetInitialLoadTimes, GetNTPInfo, GetNavigationInfo, GetOmniboxInfo, GetPluginsInfo, GetSavedPasswords, GetSearchEngineInfo, GetV8HeapStats, IsFullscreenBubbleDisplayed, IsFullscreenBubbleDisplayingButtons, IsFullscreenForBrowser, IsFullscreenForTab, IsFullscreenPermissionRequested, IsMouseLockPermissionRequested, IsMouseLocked, KillRendererProcess, LaunchApp, LoadSearchEngineInfo, OmniboxAcceptInput, OmniboxMovePopupSelection, PerformActionOnDownload, PerformActionOnInfobar, PerformActionOnSearchEngine, RemoveNTPMostVisitedThumbnail, RemoveSavedPassword, RestoreAllNTPMostVisitedThumbnails, SaveTabContents, SetAppLaunchType, SetOmniboxText, SetWindowDimensions, WaitForAllDownloadsToComplete, WaitForNotificationCount, ):
  app/middlewares/image_processing/renderers/html.rb:22:in `block in render_element'
  app/middlewares/image_processing/renderers/html.rb:18:in `render_element'
  app/controllers/previews_controller.rb:8:in `show'


  Rendered /home/ishay/.rvm/gems/ruby-1.9.3-p392/gems/actionpack-3.2.12/lib/action_dispatch/middleware/templates/rescues/_trace.erb (0.8ms)
  Rendered /home/ishay/.rvm/gems/ruby-1.9.3-p392/gems/actionpack-3.2.12/lib/action_dispatch/middleware/templates/rescues/_request_and_response.erb (0.6ms)
  Rendered /home/ishay/.rvm/gems/ruby-1.9.3-p392/gems/actionpack-3.2.12/lib/action_dispatch/middleware/templates/rescues/diagnostics.erb within rescues/layout (5.2ms)


Started GET "/previews?target_url=www.google.com" for 127.0.0.1 at 2013-11-24 13:11:26 +0200
Processing by PreviewsController#show as HTML
  Parameters: {"target_url"=>"www.google.com"}
Completed 500 Internal Server Error in 9244ms

Selenium::WebDriver::Error::UnknownError (Component returned failure code: 0x804b000a (NS_ERROR_MALFORMED_URI) [nsIIOService.newURI]):
  app/middlewares/image_processing/renderers/html.rb:22:in `block in render_element'
  app/middlewares/image_processing/renderers/html.rb:18:in `render_element'
  app/controllers/previews_controller.rb:8:in `show'


  Rendered /home/ishay/.rvm/gems/ruby-1.9.3-p392/gems/actionpack-3.2.12/lib/action_dispatch/middleware/templates/rescues/_trace.erb (1.0ms)
  Rendered /home/ishay/.rvm/gems/ruby-1.9.3-p392/gems/actionpack-3.2.12/lib/action_dispatch/middleware/templates/rescues/_request_and_response.erb (0.6ms)
  Rendered /home/ishay/.rvm/gems/ruby-1.9.3-p392/gems/actionpack-3.2.12/lib/action_dispatch/middleware/templates/rescues/diagnostics.erb within rescues/layout (5.7ms)


Started GET "/previews?target_url=www.google.com" for 127.0.0.1 at 2013-11-24 13:11:52 +0200
Connecting to database specified by database.yml
Processing by PreviewsController#show as HTML
  Parameters: {"target_url"=>"www.google.com"}
Completed 500 Internal Server Error in 4939ms

Selenium::WebDriver::Error::UnknownError (Component returned failure code: 0x804b000a (NS_ERROR_MALFORMED_URI) [nsIIOService.newURI]):
  app/middlewares/image_processing/renderers/html.rb:22:in `block in render_element'
  app/middlewares/image_processing/renderers/html.rb:18:in `render_element'
  app/controllers/previews_controller.rb:8:in `show'


  Rendered /home/ishay/.rvm/gems/ruby-1.9.3-p392/gems/actionpack-3.2.12/lib/action_dispatch/middleware/templates/rescues/_trace.erb (0.8ms)
  Rendered /home/ishay/.rvm/gems/ruby-1.9.3-p392/gems/actionpack-3.2.12/lib/action_dispatch/middleware/templates/rescues/_request_and_response.erb (0.6ms)
  Rendered /home/ishay/.rvm/gems/ruby-1.9.3-p392/gems/actionpack-3.2.12/lib/action_dispatch/middleware/templates/rescues/diagnostics.erb within rescues/layout (23.0ms)


Started GET "/previews?target_url=http://gopher.coupons.staging.c66.me/smp_edit?account_hash=838fc455d1c6c532b47b897f34030aee&amp;container_template=ec24dd57f9caaf27206727ab21644e9e&amp;template_id=11361&amp;return_url=//giraffe.smp-big.staging.c66.me/accounts/1237/activities/23231/set_application?template_id=11361&amp;container_hash=7867de2aae0897cf97681100a48f72dd" for 127.0.0.1 at 2013-11-24 13:12:59 +0200
Processing by PreviewsController#show as HTML
  Parameters: {"target_url"=>"http://gopher.coupons.staging.c66.me/smp_edit?account_hash=838fc455d1c6c532b47b897f34030aee", "amp"=>nil, "container_template"=>"ec24dd57f9caaf27206727ab21644e9e", "template_id"=>"11361", "return_url"=>"//giraffe.smp-big.staging.c66.me/accounts/1237/activities/23231/set_application?template_id=11361", "container_hash"=>"7867de2aae0897cf97681100a48f72dd"}
Completed 500 Internal Server Error in 11604ms

NameError (undefined local variable or method `target_path' for #<ImageProcessing::Renderers::Html:0xb5f0872c>):
  app/middlewares/image_processing/renderers/html.rb:44:in `block in render_element'
  app/middlewares/image_processing/renderers/html.rb:18:in `render_element'
  app/controllers/previews_controller.rb:8:in `show'


  Rendered /home/ishay/.rvm/gems/ruby-1.9.3-p392/gems/actionpack-3.2.12/lib/action_dispatch/middleware/templates/rescues/_trace.erb (0.8ms)
  Rendered /home/ishay/.rvm/gems/ruby-1.9.3-p392/gems/actionpack-3.2.12/lib/action_dispatch/middleware/templates/rescues/_request_and_response.erb (0.6ms)
  Rendered /home/ishay/.rvm/gems/ruby-1.9.3-p392/gems/actionpack-3.2.12/lib/action_dispatch/middleware/templates/rescues/diagnostics.erb within rescues/layout (5.3ms)


Started GET "/previews?target_url=http://gopher.coupons.staging.c66.me/smp_edit?account_hash=838fc455d1c6c532b47b897f34030aee&amp;container_template=ec24dd57f9caaf27206727ab21644e9e&amp;template_id=11361&amp;return_url=//giraffe.smp-big.staging.c66.me/accounts/1237/activities/23231/set_application?template_id=11361&amp;container_hash=7867de2aae0897cf97681100a48f72dd" for 127.0.0.1 at 2013-11-24 13:13:32 +0200
Processing by PreviewsController#show as HTML
  Parameters: {"target_url"=>"http://gopher.coupons.staging.c66.me/smp_edit?account_hash=838fc455d1c6c532b47b897f34030aee", "amp"=>nil, "container_template"=>"ec24dd57f9caaf27206727ab21644e9e", "template_id"=>"11361", "return_url"=>"//giraffe.smp-big.staging.c66.me/accounts/1237/activities/23231/set_application?template_id=11361", "container_hash"=>"7867de2aae0897cf97681100a48f72dd"}
Completed 500 Internal Server Error in 10750ms

NameError (undefined local variable or method `target_file' for #<ImageProcessing::Renderers::Html:0xb56e9190>):
  app/middlewares/image_processing/renderers/html.rb:49:in `render_element'
  app/controllers/previews_controller.rb:8:in `show'


  Rendered /home/ishay/.rvm/gems/ruby-1.9.3-p392/gems/actionpack-3.2.12/lib/action_dispatch/middleware/templates/rescues/_trace.erb (0.8ms)
  Rendered /home/ishay/.rvm/gems/ruby-1.9.3-p392/gems/actionpack-3.2.12/lib/action_dispatch/middleware/templates/rescues/_request_and_response.erb (0.6ms)
  Rendered /home/ishay/.rvm/gems/ruby-1.9.3-p392/gems/actionpack-3.2.12/lib/action_dispatch/middleware/templates/rescues/diagnostics.erb within rescues/layout (5.2ms)


Started GET "/previews?target_url=http://gopher.coupons.staging.c66.me/smp_edit?account_hash=838fc455d1c6c532b47b897f34030aee&amp;container_template=ec24dd57f9caaf27206727ab21644e9e&amp;template_id=11361&amp;return_url=//giraffe.smp-big.staging.c66.me/accounts/1237/activities/23231/set_application?template_id=11361&amp;container_hash=7867de2aae0897cf97681100a48f72dd" for 127.0.0.1 at 2013-11-24 13:17:18 +0200
Processing by PreviewsController#show as HTML
  Parameters: {"target_url"=>"http://gopher.coupons.staging.c66.me/smp_edit?account_hash=838fc455d1c6c532b47b897f34030aee", "amp"=>nil, "container_template"=>"ec24dd57f9caaf27206727ab21644e9e", "template_id"=>"11361", "return_url"=>"//giraffe.smp-big.staging.c66.me/accounts/1237/activities/23231/set_application?template_id=11361", "container_hash"=>"7867de2aae0897cf97681100a48f72dd"}
  Rendered text template (0.0ms)
Sent data  (16.6ms)
Completed 200 OK in 10720ms (Views: 16.5ms | ActiveRecord: 0.0ms)


Started GET "/previews?element_id=external_smp_preview&target_url=http://gopher.coupons.staging.c66.me/smp_edit?account_hash=838fc455d1c6c532b47b897f34030aee&amp;container_template=ec24dd57f9caaf27206727ab21644e9e&amp;template_id=11361&amp;return_url=//giraffe.smp-big.staging.c66.me/accounts/1237/activities/23231/set_application?template_id=11361&amp;container_hash=7867de2aae0897cf97681100a48f72dd" for 127.0.0.1 at 2013-11-24 13:19:39 +0200
Processing by PreviewsController#show as HTML
  Parameters: {"element_id"=>"external_smp_preview", "target_url"=>"http://gopher.coupons.staging.c66.me/smp_edit?account_hash=838fc455d1c6c532b47b897f34030aee", "amp"=>nil, "container_template"=>"ec24dd57f9caaf27206727ab21644e9e", "template_id"=>"11361", "return_url"=>"//giraffe.smp-big.staging.c66.me/accounts/1237/activities/23231/set_application?template_id=11361", "container_hash"=>"7867de2aae0897cf97681100a48f72dd"}
  Rendered text template (0.0ms)
Sent data  (0.5ms)
Completed 200 OK in 11173ms (Views: 0.4ms | ActiveRecord: 0.0ms)


Started GET "/previews?target_url=http://gopher.coupons.staging.c66.me/smp_edit?account_hash=838fc455d1c6c532b47b897f34030aee&amp;container_template=ec24dd57f9caaf27206727ab21644e9e&amp;template_id=11361&amp;return_url=//giraffe.smp-big.staging.c66.me/accounts/1237/activities/23231/set_application?template_id=11361&amp;container_hash=7867de2aae0897cf97681100a48f72dd" for 127.0.0.1 at 2013-11-24 13:20:40 +0200
Processing by PreviewsController#show as HTML
  Parameters: {"target_url"=>"http://gopher.coupons.staging.c66.me/smp_edit?account_hash=838fc455d1c6c532b47b897f34030aee", "amp"=>nil, "container_template"=>"ec24dd57f9caaf27206727ab21644e9e", "template_id"=>"11361", "return_url"=>"//giraffe.smp-big.staging.c66.me/accounts/1237/activities/23231/set_application?template_id=11361", "container_hash"=>"7867de2aae0897cf97681100a48f72dd"}
  Rendered text template (0.0ms)
Sent data  (0.8ms)
Completed 200 OK in 11031ms (Views: 0.7ms | ActiveRecord: 0.0ms)


Started GET "/previews?target_url=http://gopher.coupons.staging.c66.me/smp_edit?account_hash=838fc455d1c6c532b47b897f34030aee&amp;container_template=ec24dd57f9caaf27206727ab21644e9e&amp;template_id=11361&amp;return_url=//giraffe.smp-big.staging.c66.me/accounts/1237/activities/23231/set_application?template_id=11361&amp;container_hash=7867de2aae0897cf97681100a48f72dd" for 127.0.0.1 at 2013-11-24 13:21:31 +0200
Processing by PreviewsController#show as HTML
  Parameters: {"target_url"=>"http://gopher.coupons.staging.c66.me/smp_edit?account_hash=838fc455d1c6c532b47b897f34030aee", "amp"=>nil, "container_template"=>"ec24dd57f9caaf27206727ab21644e9e", "template_id"=>"11361", "return_url"=>"//giraffe.smp-big.staging.c66.me/accounts/1237/activities/23231/set_application?template_id=11361", "container_hash"=>"7867de2aae0897cf97681100a48f72dd"}
  Rendered text template (0.0ms)
Sent data  (0.8ms)
Completed 200 OK in 10907ms (Views: 0.7ms | ActiveRecord: 0.0ms)


Started GET "/previews?target_url=http://gopher.coupons.staging.c66.me/smp_edit?account_hash=838fc455d1c6c532b47b897f34030aee&amp;container_template=ec24dd57f9caaf27206727ab21644e9e&amp;template_id=11361&amp;return_url=//giraffe.smp-big.staging.c66.me/accounts/1237/activities/23231/set_application?template_id=11361&amp;container_hash=7867de2aae0897cf97681100a48f72dd" for 127.0.0.1 at 2013-11-24 14:15:22 +0200
Processing by PreviewsController#show as HTML
  Parameters: {"target_url"=>"http://gopher.coupons.staging.c66.me/smp_edit?account_hash=838fc455d1c6c532b47b897f34030aee", "amp"=>nil, "container_template"=>"ec24dd57f9caaf27206727ab21644e9e", "template_id"=>"11361", "return_url"=>"//giraffe.smp-big.staging.c66.me/accounts/1237/activities/23231/set_application?template_id=11361", "container_hash"=>"7867de2aae0897cf97681100a48f72dd"}
  Rendered text template (0.0ms)
Sent data  (0.8ms)
Completed 200 OK in 12132ms (Views: 0.7ms | ActiveRecord: 0.0ms)


Started GET "/previews/capture?target_url=http%3A%2F%2F192.168.1.106%3A3006%2Fsmp_template%3Freturn_url%3D%2F%2F192.168.1.106%3A3010%2Fset_template_from_app%2Fapplication%3Factivity_id%3D661%26competition_template%3D1236bafb6e5ceffb9f6941c8e1510718&element_id=external_smp_preview" for 127.0.0.1 at 2013-11-24 14:28:30 +0200

ActionController::RoutingError (No route matches [GET] "/previews/capture"):
  actionpack (3.2.12) lib/action_dispatch/middleware/debug_exceptions.rb:21:in `call'
  actionpack (3.2.12) lib/action_dispatch/middleware/show_exceptions.rb:56:in `call'
  railties (3.2.12) lib/rails/rack/logger.rb:32:in `call_app'
  railties (3.2.12) lib/rails/rack/logger.rb:16:in `block in call'
  activesupport (3.2.12) lib/active_support/tagged_logging.rb:22:in `tagged'
  railties (3.2.12) lib/rails/rack/logger.rb:16:in `call'
  actionpack (3.2.12) lib/action_dispatch/middleware/request_id.rb:22:in `call'
  rack (1.4.5) lib/rack/methodoverride.rb:21:in `call'
  rack (1.4.5) lib/rack/runtime.rb:17:in `call'
  activesupport (3.2.12) lib/active_support/cache/strategy/local_cache.rb:72:in `call'
  rack (1.4.5) lib/rack/lock.rb:15:in `call'
  actionpack (3.2.12) lib/action_dispatch/middleware/static.rb:62:in `call'
  railties (3.2.12) lib/rails/engine.rb:479:in `call'
  railties (3.2.12) lib/rails/application.rb:223:in `call'
  rack (1.4.5) lib/rack/content_length.rb:14:in `call'
  railties (3.2.12) lib/rails/rack/log_tailer.rb:17:in `call'
  rack (1.4.5) lib/rack/handler/webrick.rb:59:in `service'
  /home/ishay/.rvm/rubies/ruby-1.9.3-p392/lib/ruby/1.9.1/webrick/httpserver.rb:138:in `service'
  /home/ishay/.rvm/rubies/ruby-1.9.3-p392/lib/ruby/1.9.1/webrick/httpserver.rb:94:in `run'
  /home/ishay/.rvm/rubies/ruby-1.9.3-p392/lib/ruby/1.9.1/webrick/server.rb:191:in `block in start_thread'


  Rendered /home/ishay/.rvm/gems/ruby-1.9.3-p392/gems/actionpack-3.2.12/lib/action_dispatch/middleware/templates/rescues/routing_error.erb within rescues/layout (0.5ms)


Started GET "/previews/capture?target_url=http%3A%2F%2F192.168.1.106%3A3006%2Fsmp_template%3Freturn_url%3D%2F%2F192.168.1.106%3A3010%2Fset_template_from_app%2Fapplication%3Factivity_id%3D661%26competition_template%3D1236bafb6e5ceffb9f6941c8e1510718&element_id=external_smp_preview" for 127.0.0.1 at 2013-11-24 14:30:06 +0200
Processing by PreviewsController#capture as HTML
  Parameters: {"target_url"=>"http://192.168.1.106:3006/smp_template?return_url=//192.168.1.106:3010/set_template_from_app/application?activity_id=661&competition_template=1236bafb6e5ceffb9f6941c8e1510718", "element_id"=>"external_smp_preview"}
Completed 500 Internal Server Error in 27949ms

Errno::ECONNREFUSED (Connection refused - connect(2)):
  app/middlewares/image_processing/renderers/html.rb:44:in `ensure in block in render_element'
  app/middlewares/image_processing/renderers/html.rb:44:in `block in render_element'
  app/middlewares/image_processing/renderers/html.rb:18:in `render_element'
  app/controllers/previews_controller.rb:8:in `capture'


  Rendered /home/ishay/.rvm/gems/ruby-1.9.3-p392/gems/actionpack-3.2.12/lib/action_dispatch/middleware/templates/rescues/_trace.erb (1.3ms)
  Rendered /home/ishay/.rvm/gems/ruby-1.9.3-p392/gems/actionpack-3.2.12/lib/action_dispatch/middleware/templates/rescues/_request_and_response.erb (0.9ms)
  Rendered /home/ishay/.rvm/gems/ruby-1.9.3-p392/gems/actionpack-3.2.12/lib/action_dispatch/middleware/templates/rescues/diagnostics.erb within rescues/layout (9.2ms)


Started GET "/previews/capture?target_url=http%3A%2F%2F192.168.1.106%3A3006%2Fsmp_template%3Freturn_url%3D%2F%2F192.168.1.106%3A3010%2Fset_template_from_app%2Fapplication%3Factivity_id%3D661%26competition_template%3D1236bafb6e5ceffb9f6941c8e1510718&element_id=external_smp_preview" for 127.0.0.1 at 2013-11-24 14:30:58 +0200
Connecting to database specified by database.yml
Processing by PreviewsController#capture as HTML
  Parameters: {"target_url"=>"http://192.168.1.106:3006/smp_template?return_url=//192.168.1.106:3010/set_template_from_app/application?activity_id=661&competition_template=1236bafb6e5ceffb9f6941c8e1510718", "element_id"=>"external_smp_preview"}
  Rendered text template (0.0ms)
Sent data  (71.6ms)
Completed 200 OK in 25396ms (Views: 71.2ms | ActiveRecord: 0.0ms)


Started GET "/previews/capture?target_url=http%3A%2F%2F192.168.1.106%3A3006%2Fsmp_template%3Freturn_url%3D%2F%2F192.168.1.106%3A3010%2Fset_template_from_app%2Fapplication%3Factivity_id%3D661%26competition_template%3D1236bafb6e5ceffb9f6941c8e1510718&element_id=external_smp_preview" for 127.0.0.1 at 2013-11-24 14:33:10 +0200
Processing by PreviewsController#capture as HTML
  Parameters: {"target_url"=>"http://192.168.1.106:3006/smp_template?return_url=//192.168.1.106:3010/set_template_from_app/application?activity_id=661&competition_template=1236bafb6e5ceffb9f6941c8e1510718", "element_id"=>"external_smp_preview"}
  Rendered text template (0.0ms)
Sent data  (1.4ms)
Completed 200 OK in 18141ms (Views: 1.2ms | ActiveRecord: 0.0ms)


Started GET "/previews/capture?target_url=http%3A%2F%2F192.168.1.106%3A3006%2Fsmp_template%3Freturn_url%3D%2F%2F192.168.1.106%3A3010%2Fset_template_from_app%2Fapplication%3Factivity_id%3D661%26competition_template%3D1236bafb6e5ceffb9f6941c8e1510718&element_id=external_smp_preview" for 127.0.0.1 at 2013-11-24 14:36:05 +0200
Processing by PreviewsController#capture as HTML
  Parameters: {"target_url"=>"http://192.168.1.106:3006/smp_template?return_url=//192.168.1.106:3010/set_template_from_app/application?activity_id=661&competition_template=1236bafb6e5ceffb9f6941c8e1510718", "element_id"=>"external_smp_preview"}
  Rendered text template (0.0ms)
Sent data  (1.6ms)
Completed 200 OK in 20931ms (Views: 1.4ms | ActiveRecord: 0.0ms)


Started GET "/previews/capture?target_url=http%3A%2F%2F192.168.1.106%3A3006%2Fsmp_template%3Freturn_url%3D%2F%2F192.168.1.106%3A3010%2Fset_template_from_app%2Fapplication%3Factivity_id%3D661%26competition_template%3D1236bafb6e5ceffb9f6941c8e1510718&element_id=external_smp_preview" for 127.0.0.1 at 2013-11-24 14:40:46 +0200
Processing by PreviewsController#capture as HTML
  Parameters: {"target_url"=>"http://192.168.1.106:3006/smp_template?return_url=//192.168.1.106:3010/set_template_from_app/application?activity_id=661&competition_template=1236bafb6e5ceffb9f6941c8e1510718", "element_id"=>"external_smp_preview"}
Completed 500 Internal Server Error in 18873ms

TypeError (expected numeric):
  app/middlewares/image_processing/renderers/html.rb:51:in `render_element'
  app/controllers/previews_controller.rb:8:in `capture'


  Rendered /home/ishay/.rvm/gems/ruby-1.9.3-p392/gems/actionpack-3.2.12/lib/action_dispatch/middleware/templates/rescues/_trace.erb (0.8ms)
  Rendered /home/ishay/.rvm/gems/ruby-1.9.3-p392/gems/actionpack-3.2.12/lib/action_dispatch/middleware/templates/rescues/_request_and_response.erb (0.6ms)
  Rendered /home/ishay/.rvm/gems/ruby-1.9.3-p392/gems/actionpack-3.2.12/lib/action_dispatch/middleware/templates/rescues/diagnostics.erb within rescues/layout (35.2ms)


Started GET "/previews/capture?target_url=http%3A%2F%2F192.168.1.106%3A3006%2Fsmp_template%3Freturn_url%3D%2F%2F192.168.1.106%3A3010%2Fset_template_from_app%2Fapplication%3Factivity_id%3D661%26competition_template%3D1236bafb6e5ceffb9f6941c8e1510718&element_id=external_smp_preview" for 127.0.0.1 at 2013-11-24 14:46:14 +0200
Processing by PreviewsController#capture as HTML
  Parameters: {"target_url"=>"http://192.168.1.106:3006/smp_template?return_url=//192.168.1.106:3010/set_template_from_app/application?activity_id=661&competition_template=1236bafb6e5ceffb9f6941c8e1510718", "element_id"=>"external_smp_preview"}
Completed 500 Internal Server Error in 18065ms

TypeError (expected numeric):
  app/middlewares/image_processing/renderers/html.rb:51:in `render_element'
  app/controllers/previews_controller.rb:8:in `capture'


  Rendered /home/ishay/.rvm/gems/ruby-1.9.3-p392/gems/actionpack-3.2.12/lib/action_dispatch/middleware/templates/rescues/_trace.erb (0.8ms)
  Rendered /home/ishay/.rvm/gems/ruby-1.9.3-p392/gems/actionpack-3.2.12/lib/action_dispatch/middleware/templates/rescues/_request_and_response.erb (0.6ms)
  Rendered /home/ishay/.rvm/gems/ruby-1.9.3-p392/gems/actionpack-3.2.12/lib/action_dispatch/middleware/templates/rescues/diagnostics.erb within rescues/layout (5.3ms)


Started GET "/previews/capture?target_url=http%3A%2F%2F192.168.1.106%3A3006%2Fsmp_template%3Freturn_url%3D%2F%2F192.168.1.106%3A3010%2Fset_template_from_app%2Fapplication%3Factivity_id%3D661%26competition_template%3D1236bafb6e5ceffb9f6941c8e1510718&element_id=external_smp_preview" for 127.0.0.1 at 2013-11-24 14:46:56 +0200
Connecting to database specified by database.yml
Processing by PreviewsController#capture as HTML
  Parameters: {"target_url"=>"http://192.168.1.106:3006/smp_template?return_url=//192.168.1.106:3010/set_template_from_app/application?activity_id=661&competition_template=1236bafb6e5ceffb9f6941c8e1510718", "element_id"=>"external_smp_preview"}
Completed 500 Internal Server Error in 16221ms

TypeError (expected numeric):
  app/middlewares/image_processing/renderers/html.rb:51:in `render_element'
  app/controllers/previews_controller.rb:8:in `capture'


  Rendered /home/ishay/.rvm/gems/ruby-1.9.3-p392/gems/actionpack-3.2.12/lib/action_dispatch/middleware/templates/rescues/_trace.erb (0.8ms)
  Rendered /home/ishay/.rvm/gems/ruby-1.9.3-p392/gems/actionpack-3.2.12/lib/action_dispatch/middleware/templates/rescues/_request_and_response.erb (0.6ms)
  Rendered /home/ishay/.rvm/gems/ruby-1.9.3-p392/gems/actionpack-3.2.12/lib/action_dispatch/middleware/templates/rescues/diagnostics.erb within rescues/layout (6.8ms)


Started GET "/previews/capture?target_url=http%3A%2F%2F192.168.1.106%3A3006%2Fsmp_template%3Freturn_url%3D%2F%2F192.168.1.106%3A3010%2Fset_template_from_app%2Fapplication%3Factivity_id%3D661%26competition_template%3D1236bafb6e5ceffb9f6941c8e1510718&element_id=external_smp_preview" for 127.0.0.1 at 2013-11-24 14:48:12 +0200
Processing by PreviewsController#capture as HTML
  Parameters: {"target_url"=>"http://192.168.1.106:3006/smp_template?return_url=//192.168.1.106:3010/set_template_from_app/application?activity_id=661&competition_template=1236bafb6e5ceffb9f6941c8e1510718", "element_id"=>"external_smp_preview"}
  Rendered text template (0.0ms)
Sent data  (21.1ms)
Completed 200 OK in 16458ms (Views: 20.9ms | ActiveRecord: 0.0ms)


Started GET "/previews/capture?target_url=http%3A%2F%2F192.168.1.106%3A3006%2Fsmp_template%3Freturn_url%3D%2F%2F192.168.1.106%3A3010%2Fset_template_from_app%2Fapplication%3Factivity_id%3D661%26competition_template%3D1236bafb6e5ceffb9f6941c8e1510718&element_id=external_smp_preview" for 127.0.0.1 at 2013-11-24 14:48:54 +0200
Processing by PreviewsController#capture as HTML
  Parameters: {"target_url"=>"http://192.168.1.106:3006/smp_template?return_url=//192.168.1.106:3010/set_template_from_app/application?activity_id=661&competition_template=1236bafb6e5ceffb9f6941c8e1510718", "element_id"=>"external_smp_preview"}
  Rendered text template (0.0ms)
Sent data  (4.4ms)
Completed 200 OK in 16596ms (Views: 3.7ms | ActiveRecord: 0.0ms)


Started GET "/previews/capture?target_url=http%3A%2F%2F192.168.1.106%3A3006%2Fsmp_template%3Freturn_url%3D%2F%2F192.168.1.106%3A3010%2Fset_template_from_app%2Fapplication%3Factivity_id%3D661%26competition_template%3D1236bafb6e5ceffb9f6941c8e1510718&element_id=external_smp_preview" for 127.0.0.1 at 2013-11-24 14:51:57 +0200
Connecting to database specified by database.yml

ActiveRecord::ConnectionNotEstablished (ActiveRecord::ConnectionNotEstablished):
  activerecord (3.2.12) lib/active_record/connection_adapters/abstract/connection_pool.rb:410:in `retrieve_connection'
  activerecord (3.2.12) lib/active_record/connection_adapters/abstract/connection_specification.rb:171:in `retrieve_connection'
  activerecord (3.2.12) lib/active_record/connection_adapters/abstract/connection_specification.rb:145:in `connection'
  activerecord (3.2.12) lib/active_record/query_cache.rb:67:in `rescue in call'
  activerecord (3.2.12) lib/active_record/query_cache.rb:61:in `call'
  activerecord (3.2.12) lib/active_record/connection_adapters/abstract/connection_pool.rb:479:in `call'
  actionpack (3.2.12) lib/action_dispatch/middleware/callbacks.rb:28:in `block in call'
  activesupport (3.2.12) lib/active_support/callbacks.rb:405:in `_run__185935382__call__545163304__callbacks'
  activesupport (3.2.12) lib/active_support/callbacks.rb:405:in `__run_callback'
  activesupport (3.2.12) lib/active_support/callbacks.rb:385:in `_run_call_callbacks'
  activesupport (3.2.12) lib/active_support/callbacks.rb:81:in `run_callbacks'
  actionpack (3.2.12) lib/action_dispatch/middleware/callbacks.rb:27:in `call'
  actionpack (3.2.12) lib/action_dispatch/middleware/reloader.rb:65:in `call'
  actionpack (3.2.12) lib/action_dispatch/middleware/remote_ip.rb:31:in `call'
  actionpack (3.2.12) lib/action_dispatch/middleware/debug_exceptions.rb:16:in `call'
  actionpack (3.2.12) lib/action_dispatch/middleware/show_exceptions.rb:56:in `call'
  railties (3.2.12) lib/rails/rack/logger.rb:32:in `call_app'
  railties (3.2.12) lib/rails/rack/logger.rb:16:in `block in call'
  activesupport (3.2.12) lib/active_support/tagged_logging.rb:22:in `tagged'
  railties (3.2.12) lib/rails/rack/logger.rb:16:in `call'
  actionpack (3.2.12) lib/action_dispatch/middleware/request_id.rb:22:in `call'
  rack (1.4.5) lib/rack/methodoverride.rb:21:in `call'
  rack (1.4.5) lib/rack/runtime.rb:17:in `call'
  activesupport (3.2.12) lib/active_support/cache/strategy/local_cache.rb:72:in `call'
  rack (1.4.5) lib/rack/lock.rb:15:in `call'
  actionpack (3.2.12) lib/action_dispatch/middleware/static.rb:62:in `call'
  railties (3.2.12) lib/rails/engine.rb:479:in `call'
  railties (3.2.12) lib/rails/application.rb:223:in `call'
  rack (1.4.5) lib/rack/content_length.rb:14:in `call'
  railties (3.2.12) lib/rails/rack/log_tailer.rb:17:in `call'
  rack (1.4.5) lib/rack/handler/webrick.rb:59:in `service'
  /home/ishay/.rvm/rubies/ruby-1.9.3-p392/lib/ruby/1.9.1/webrick/httpserver.rb:138:in `service'
  /home/ishay/.rvm/rubies/ruby-1.9.3-p392/lib/ruby/1.9.1/webrick/httpserver.rb:94:in `run'
  /home/ishay/.rvm/rubies/ruby-1.9.3-p392/lib/ruby/1.9.1/webrick/server.rb:191:in `block in start_thread'


  Rendered /home/ishay/.rvm/gems/ruby-1.9.3-p392/gems/actionpack-3.2.12/lib/action_dispatch/middleware/templates/rescues/_trace.erb (0.7ms)
  Rendered /home/ishay/.rvm/gems/ruby-1.9.3-p392/gems/actionpack-3.2.12/lib/action_dispatch/middleware/templates/rescues/_request_and_response.erb (0.6ms)
  Rendered /home/ishay/.rvm/gems/ruby-1.9.3-p392/gems/actionpack-3.2.12/lib/action_dispatch/middleware/templates/rescues/diagnostics.erb within rescues/layout (6.6ms)
Connecting to database specified by database.yml
  [1m[36m (0.1ms)[0m  [1mselect sqlite_version(*)[0m
  [1m[35m (133.7ms)[0m  CREATE TABLE "schema_migrations" ("version" varchar(255) NOT NULL) 
  [1m[36m (84.6ms)[0m  [1mCREATE UNIQUE INDEX "unique_schema_migrations" ON "schema_migrations" ("version")[0m
  [1m[35m (0.8ms)[0m  SELECT "schema_migrations"."version" FROM "schema_migrations" 
Connecting to database specified by database.yml
Connecting to database specified by database.yml
